<?xml version="1.0" encoding="UTF-8"?>
<testng-results ignored="0" total="1" passed="1" failed="0" skipped="0">
  <reporter-output>
  </reporter-output>
  <suite started-at="2023-09-21T22:56:55 ART" name="Default suite" finished-at="2023-09-21T22:58:24 ART" duration-ms="89120">
    <groups>
    </groups>
    <test started-at="2023-09-21T22:56:55 ART" name="Default test" finished-at="2023-09-21T22:58:24 ART" duration-ms="89120">
      <class name="vaporstream.Perzona.Test01_SignUp">
        <test-method is-config="true" signature="ConfigureAppium()[pri:0, instance:vaporstream.Perzona.Test01_SignUp@6d60fe40]" started-at="2023-09-21T22:56:55 ART" name="ConfigureAppium" finished-at="2023-09-21T22:57:02 ART" duration-ms="7147" status="PASS">
          <reporter-output>
          </reporter-output>
        </test-method> <!-- ConfigureAppium -->
        <test-method is-config="true" signature="SetupTest()[pri:0, instance:vaporstream.Perzona.Test01_SignUp@6d60fe40]" started-at="2023-09-21T22:57:02 ART" name="SetupTest" finished-at="2023-09-21T22:57:02 ART" duration-ms="12" status="PASS">
          <reporter-output>
          </reporter-output>
        </test-method> <!-- SetupTest -->
        <test-method signature="SignUpTest(java.lang.String,java.lang.String,java.lang.String,java.lang.String,java.lang.String,java.lang.String,java.lang.String,boolean,boolean,boolean,boolean,boolean,boolean,boolean,boolean)[pri:0, instance:vaporstream.Perzona.Test01_SignUp@6d60fe40]" started-at="2023-09-21T22:57:02 ART" name="SignUpTest" data-provider="userData" finished-at="2023-09-21T22:58:23 ART" duration-ms="80836" status="PASS">
          <params>
            <param index="0">
              <value>
                <![CDATA[1]]>
              </value>
            </param>
            <param index="1">
              <value>
                <![CDATA[United States]]>
              </value>
            </param>
            <param index="2">
              <value>
                <![CDATA[2603923391]]>
              </value>
            </param>
            <param index="3">
              <value>
                <![CDATA[Automation Test 01]]>
              </value>
            </param>
            <param index="4">
              <value>
                <![CDATA[AutTest004]]>
              </value>
            </param>
            <param index="5">
              <value>
                <![CDATA[Automation Test User]]>
              </value>
            </param>
            <param index="6">
              <value>
                <![CDATA[www.automationtest.io]]>
              </value>
            </param>
            <param index="7">
              <value>
                <![CDATA[false]]>
              </value>
            </param>
            <param index="8">
              <value>
                <![CDATA[true]]>
              </value>
            </param>
            <param index="9">
              <value>
                <![CDATA[false]]>
              </value>
            </param>
            <param index="10">
              <value>
                <![CDATA[false]]>
              </value>
            </param>
            <param index="11">
              <value>
                <![CDATA[true]]>
              </value>
            </param>
            <param index="12">
              <value>
                <![CDATA[false]]>
              </value>
            </param>
            <param index="13">
              <value>
                <![CDATA[false]]>
              </value>
            </param>
            <param index="14">
              <value>
                <![CDATA[false]]>
              </value>
            </param>
          </params>
          <reporter-output>
          </reporter-output>
        </test-method> <!-- SignUpTest -->
        <test-method is-config="true" signature="ScreenCaptureForFailures()[pri:0, instance:vaporstream.Perzona.Test01_SignUp@6d60fe40]" started-at="2023-09-21T22:58:23 ART" name="ScreenCaptureForFailures" finished-at="2023-09-21T22:58:24 ART" duration-ms="319" status="PASS">
          <reporter-output>
          </reporter-output>
        </test-method> <!-- ScreenCaptureForFailures -->
        <test-method is-config="true" signature="tearDownAndroidDriver()[pri:0, instance:vaporstream.Perzona.Test01_SignUp@6d60fe40]" started-at="2023-09-21T22:58:24 ART" name="tearDownAndroidDriver" finished-at="2023-09-21T22:58:24 ART" duration-ms="726" status="PASS">
          <reporter-output>
          </reporter-output>
        </test-method> <!-- tearDownAndroidDriver -->
        <test-method is-config="true" signature="tearDownAppiumServer()[pri:0, instance:vaporstream.Perzona.Test01_SignUp@6d60fe40]" started-at="2023-09-21T22:58:24 ART" name="tearDownAppiumServer" finished-at="2023-09-21T22:58:24 ART" duration-ms="0" status="PASS">
          <reporter-output>
          </reporter-output>
        </test-method> <!-- tearDownAppiumServer -->
      </class> <!-- vaporstream.Perzona.Test01_SignUp -->
    </test> <!-- Default test -->
  </suite> <!-- Default suite -->
</testng-results>
