<?xml version="1.0" encoding="UTF-8"?>
<testng-results ignored="0" total="2" passed="2" failed="0" skipped="0">
  <reporter-output>
  </reporter-output>
  <suite started-at="2023-09-07T14:40:39 ART" name="Suite" finished-at="2023-09-07T14:41:54 ART" duration-ms="74127">
    <groups>
    </groups>
    <test started-at="2023-09-07T14:40:39 ART" name="Sign Up Test" finished-at="2023-09-07T14:41:30 ART" duration-ms="50609">
      <class name="vaporstream.Perzona.Test01_SignUp">
        <test-method is-config="true" signature="ConfigureAppium()[pri:0, instance:vaporstream.Perzona.Test01_SignUp@74bada02]" started-at="2023-09-07T14:40:39 ART" name="ConfigureAppium" finished-at="2023-09-07T14:40:47 ART" duration-ms="7182" status="PASS">
          <reporter-output>
          </reporter-output>
        </test-method> <!-- ConfigureAppium -->
        <test-method is-config="true" signature="SetupTest()[pri:0, instance:vaporstream.Perzona.Test01_SignUp@74bada02]" started-at="2023-09-07T14:40:47 ART" name="SetupTest" finished-at="2023-09-07T14:40:47 ART" duration-ms="12" status="PASS">
          <reporter-output>
          </reporter-output>
        </test-method> <!-- SetupTest -->
        <test-method signature="SignUpTest(java.lang.String,java.lang.String,java.lang.String,java.lang.String,java.lang.String,java.lang.String)[pri:0, instance:vaporstream.Perzona.Test01_SignUp@74bada02]" started-at="2023-09-07T14:40:47 ART" name="SignUpTest" data-provider="userData" finished-at="2023-09-07T14:41:30 ART" duration-ms="43068" status="PASS">
          <params>
            <param index="0">
              <value>
                <![CDATA[45]]>
              </value>
            </param>
            <param index="1">
              <value>
                <![CDATA[Denmark]]>
              </value>
            </param>
            <param index="2">
              <value>
                <![CDATA[My Full Name]]>
              </value>
            </param>
            <param index="3">
              <value>
                <![CDATA[NOT IN USE]]>
              </value>
            </param>
            <param index="4">
              <value>
                <![CDATA[A very nice person]]>
              </value>
            </param>
            <param index="5">
              <value>
                <![CDATA[www.mywebsite.io]]>
              </value>
            </param>
          </params>
          <reporter-output>
          </reporter-output>
        </test-method> <!-- SignUpTest -->
        <test-method is-config="true" signature="tearDownAndroidDriver()[pri:0, instance:vaporstream.Perzona.Test01_SignUp@74bada02]" started-at="2023-09-07T14:41:30 ART" name="tearDownAndroidDriver" finished-at="2023-09-07T14:41:30 ART" duration-ms="267" status="PASS">
          <reporter-output>
          </reporter-output>
        </test-method> <!-- tearDownAndroidDriver -->
        <test-method is-config="true" signature="tearDownAppiumServer()[pri:0, instance:vaporstream.Perzona.Test01_SignUp@74bada02]" started-at="2023-09-07T14:41:30 ART" name="tearDownAppiumServer" finished-at="2023-09-07T14:41:30 ART" duration-ms="1" status="PASS">
          <reporter-output>
          </reporter-output>
        </test-method> <!-- tearDownAppiumServer -->
      </class> <!-- vaporstream.Perzona.Test01_SignUp -->
    </test> <!-- Sign Up Test -->
    <test started-at="2023-09-07T14:41:30 ART" name="Sign In Test" finished-at="2023-09-07T14:41:54 ART" duration-ms="23170">
      <class name="vaporstream.Perzona.Test02_SignIn">
        <test-method is-config="true" signature="ConfigureAppium()[pri:0, instance:vaporstream.Perzona.Test02_SignIn@2f40e5db]" started-at="2023-09-07T14:41:30 ART" name="ConfigureAppium" finished-at="2023-09-07T14:41:38 ART" duration-ms="7502" status="PASS">
          <reporter-output>
          </reporter-output>
        </test-method> <!-- ConfigureAppium -->
        <test-method is-config="true" signature="SetupTest()[pri:0, instance:vaporstream.Perzona.Test02_SignIn@2f40e5db]" started-at="2023-09-07T14:41:38 ART" name="SetupTest" finished-at="2023-09-07T14:41:39 ART" duration-ms="983" status="PASS">
          <reporter-output>
          </reporter-output>
        </test-method> <!-- SetupTest -->
        <test-method signature="SignInTest(java.lang.String,java.lang.String,java.lang.String)[pri:0, instance:vaporstream.Perzona.Test02_SignIn@2f40e5db]" started-at="2023-09-07T14:41:39 ART" name="SignInTest" data-provider="userData" finished-at="2023-09-07T14:41:53 ART" duration-ms="14385" status="PASS">
          <params>
            <param index="0">
              <value>
                <![CDATA[87671664]]>
              </value>
            </param>
            <param index="1">
              <value>
                <![CDATA[45]]>
              </value>
            </param>
            <param index="2">
              <value>
                <![CDATA[Denmark]]>
              </value>
            </param>
          </params>
          <reporter-output>
          </reporter-output>
        </test-method> <!-- SignInTest -->
        <test-method is-config="true" signature="tearDownAndroidDriver()[pri:0, instance:vaporstream.Perzona.Test02_SignIn@2f40e5db]" started-at="2023-09-07T14:41:53 ART" name="tearDownAndroidDriver" finished-at="2023-09-07T14:41:54 ART" duration-ms="285" status="PASS">
          <reporter-output>
          </reporter-output>
        </test-method> <!-- tearDownAndroidDriver -->
        <test-method is-config="true" signature="tearDownAppiumServer()[pri:0, instance:vaporstream.Perzona.Test02_SignIn@2f40e5db]" started-at="2023-09-07T14:41:54 ART" name="tearDownAppiumServer" finished-at="2023-09-07T14:41:54 ART" duration-ms="0" status="PASS">
          <reporter-output>
          </reporter-output>
        </test-method> <!-- tearDownAppiumServer -->
      </class> <!-- vaporstream.Perzona.Test02_SignIn -->
    </test> <!-- Sign In Test -->
  </suite> <!-- Suite -->
</testng-results>
